<?xml version="1.0" encoding="UTF-8"?>
<testsuite name="test_hotel_reservation_tests.TestHotelReservation-20240402173526" tests="48" file="test_hotel_reservation_tests.py" time="0.077" timestamp="2024-04-02T17:35:28" failures="0" errors="0" skipped="0">
	<testcase classname="test_hotel_reservation_tests.TestHotelReservation" name="testThing" time="0.001" timestamp="2024-04-02T17:35:27"/>
	<testcase classname="test_hotel_reservation_tests.TestHotelReservation" name="test_invalid_arrival1" time="0.001" timestamp="2024-04-02T17:35:27"/>
	<testcase classname="test_hotel_reservation_tests.TestHotelReservation" name="test_invalid_arrival2" time="0.001" timestamp="2024-04-02T17:35:28"/>
	<testcase classname="test_hotel_reservation_tests.TestHotelReservation" name="test_invalid_arrival3" time="0.001" timestamp="2024-04-02T17:35:28"/>
	<testcase classname="test_hotel_reservation_tests.TestHotelReservation" name="test_invalid_arrival4" time="0.001" timestamp="2024-04-02T17:35:28"/>
	<testcase classname="test_hotel_reservation_tests.TestHotelReservation" name="test_invalid_arrival5" time="0.001" timestamp="2024-04-02T17:35:28"/>
	<testcase classname="test_hotel_reservation_tests.TestHotelReservation" name="test_invalid_arrival6" time="0.001" timestamp="2024-04-02T17:35:28"/>
	<testcase classname="test_hotel_reservation_tests.TestHotelReservation" name="test_invalid_arrival7" time="0.001" timestamp="2024-04-02T17:35:28"/>
	<testcase classname="test_hotel_reservation_tests.TestHotelReservation" name="test_invalid_arrival8" time="0.001" timestamp="2024-04-02T17:35:28"/>
	<testcase classname="test_hotel_reservation_tests.TestHotelReservation" name="test_invalid_card1" time="0.001" timestamp="2024-04-02T17:35:28"/>
	<testcase classname="test_hotel_reservation_tests.TestHotelReservation" name="test_invalid_card2" time="0.001" timestamp="2024-04-02T17:35:28"/>
	<testcase classname="test_hotel_reservation_tests.TestHotelReservation" name="test_invalid_card3" time="0.001" timestamp="2024-04-02T17:35:28"/>
	<testcase classname="test_hotel_reservation_tests.TestHotelReservation" name="test_invalid_card4" time="0.001" timestamp="2024-04-02T17:35:28"/>
	<testcase classname="test_hotel_reservation_tests.TestHotelReservation" name="test_invalid_id1" time="0.001" timestamp="2024-04-02T17:35:28"/>
	<testcase classname="test_hotel_reservation_tests.TestHotelReservation" name="test_invalid_id2" time="0.001" timestamp="2024-04-02T17:35:28"/>
	<testcase classname="test_hotel_reservation_tests.TestHotelReservation" name="test_invalid_id3" time="0.001" timestamp="2024-04-02T17:35:28"/>
	<testcase classname="test_hotel_reservation_tests.TestHotelReservation" name="test_invalid_id4" time="0.001" timestamp="2024-04-02T17:35:28"/>
	<testcase classname="test_hotel_reservation_tests.TestHotelReservation" name="test_invalid_id5" time="0.001" timestamp="2024-04-02T17:35:28"/>
	<testcase classname="test_hotel_reservation_tests.TestHotelReservation" name="test_invalid_name1" time="0.001" timestamp="2024-04-02T17:35:28"/>
	<testcase classname="test_hotel_reservation_tests.TestHotelReservation" name="test_invalid_name2" time="0.001" timestamp="2024-04-02T17:35:28"/>
	<testcase classname="test_hotel_reservation_tests.TestHotelReservation" name="test_invalid_name3" time="0.001" timestamp="2024-04-02T17:35:28"/>
	<testcase classname="test_hotel_reservation_tests.TestHotelReservation" name="test_invalid_name4" time="0.001" timestamp="2024-04-02T17:35:28"/>
	<testcase classname="test_hotel_reservation_tests.TestHotelReservation" name="test_invalid_num_days1" time="0.002" timestamp="2024-04-02T17:35:28"/>
	<testcase classname="test_hotel_reservation_tests.TestHotelReservation" name="test_invalid_num_days2" time="0.001" timestamp="2024-04-02T17:35:28"/>
	<testcase classname="test_hotel_reservation_tests.TestHotelReservation" name="test_invalid_num_days3" time="0.001" timestamp="2024-04-02T17:35:28"/>
	<testcase classname="test_hotel_reservation_tests.TestHotelReservation" name="test_invalid_phone1" time="0.001" timestamp="2024-04-02T17:35:28"/>
	<testcase classname="test_hotel_reservation_tests.TestHotelReservation" name="test_invalid_phone2" time="0.001" timestamp="2024-04-02T17:35:28"/>
	<testcase classname="test_hotel_reservation_tests.TestHotelReservation" name="test_invalid_phone3" time="0.001" timestamp="2024-04-02T17:35:28"/>
	<testcase classname="test_hotel_reservation_tests.TestHotelReservation" name="test_invalid_room1" time="0.001" timestamp="2024-04-02T17:35:28"/>
	<testcase classname="test_hotel_reservation_tests.TestHotelReservation" name="test_invalid_room2" time="0.001" timestamp="2024-04-02T17:35:28"/>
	<testcase classname="test_hotel_reservation_tests.TestHotelReservation" name="test_room_reservation" time="0.008" timestamp="2024-04-02T17:35:28"/>
	<testcase classname="test_hotel_reservation_tests.TestHotelReservation" name="test_valid_arrival" time="0.002" timestamp="2024-04-02T17:35:28"/>
	<testcase classname="test_hotel_reservation_tests.TestHotelReservation" name="test_valid_card1" time="0.002" timestamp="2024-04-02T17:35:28"/>
	<testcase classname="test_hotel_reservation_tests.TestHotelReservation" name="test_valid_id1" time="0.002" timestamp="2024-04-02T17:35:28"/>
	<testcase classname="test_hotel_reservation_tests.TestHotelReservation" name="test_valid_name1" time="0.002" timestamp="2024-04-02T17:35:28"/>
	<testcase classname="test_hotel_reservation_tests.TestHotelReservation" name="test_valid_name2" time="0.002" timestamp="2024-04-02T17:35:28"/>
	<testcase classname="test_hotel_reservation_tests.TestHotelReservation" name="test_valid_name3" time="0.002" timestamp="2024-04-02T17:35:28"/>
	<testcase classname="test_hotel_reservation_tests.TestHotelReservation" name="test_valid_name4" time="0.002" timestamp="2024-04-02T17:35:28"/>
	<testcase classname="test_hotel_reservation_tests.TestHotelReservation" name="test_valid_name5" time="0.002" timestamp="2024-04-02T17:35:28"/>
	<testcase classname="test_hotel_reservation_tests.TestHotelReservation" name="test_valid_num_days1" time="0.002" timestamp="2024-04-02T17:35:28"/>
	<testcase classname="test_hotel_reservation_tests.TestHotelReservation" name="test_valid_num_days2" time="0.003" timestamp="2024-04-02T17:35:28"/>
	<testcase classname="test_hotel_reservation_tests.TestHotelReservation" name="test_valid_num_days3" time="0.002" timestamp="2024-04-02T17:35:28"/>
	<testcase classname="test_hotel_reservation_tests.TestHotelReservation" name="test_valid_num_days4" time="0.002" timestamp="2024-04-02T17:35:28"/>
	<testcase classname="test_hotel_reservation_tests.TestHotelReservation" name="test_valid_num_days5" time="0.002" timestamp="2024-04-02T17:35:28"/>
	<testcase classname="test_hotel_reservation_tests.TestHotelReservation" name="test_valid_phone1" time="0.002" timestamp="2024-04-02T17:35:28"/>
	<testcase classname="test_hotel_reservation_tests.TestHotelReservation" name="test_valid_room1" time="0.002" timestamp="2024-04-02T17:35:28"/>
	<testcase classname="test_hotel_reservation_tests.TestHotelReservation" name="test_valid_room2" time="0.002" timestamp="2024-04-02T17:35:28"/>
	<testcase classname="test_hotel_reservation_tests.TestHotelReservation" name="test_valid_room3" time="0.001" timestamp="2024-04-02T17:35:28"/>
</testsuite>
