<?xml version="1.0" encoding="UTF-8"?>
<testsuite name="test_function2_tests.TestFunction2-20240402152542" tests="62" file="test_function2_tests.py" time="0.039" timestamp="2024-04-02T15:25:42" failures="1" errors="0" skipped="0">
	<testcase classname="test_function2_tests.TestFunction2" name="test_case1" time="0.011" timestamp="2024-04-02T15:25:42"/>
	<testcase classname="test_function2_tests.TestFunction2" name="test_case10" time="0.000" timestamp="2024-04-02T15:25:42"/>
	<testcase classname="test_function2_tests.TestFunction2" name="test_case11" time="0.000" timestamp="2024-04-02T15:25:42"/>
	<testcase classname="test_function2_tests.TestFunction2" name="test_case12" time="0.000" timestamp="2024-04-02T15:25:42"/>
	<testcase classname="test_function2_tests.TestFunction2" name="test_case13" time="0.000" timestamp="2024-04-02T15:25:42"/>
	<testcase classname="test_function2_tests.TestFunction2" name="test_case14" time="0.000" timestamp="2024-04-02T15:25:42"/>
	<testcase classname="test_function2_tests.TestFunction2" name="test_case15" time="0.000" timestamp="2024-04-02T15:25:42"/>
	<testcase classname="test_function2_tests.TestFunction2" name="test_case16" time="0.000" timestamp="2024-04-02T15:25:42"/>
	<testcase classname="test_function2_tests.TestFunction2" name="test_case17" time="0.000" timestamp="2024-04-02T15:25:42"/>
	<testcase classname="test_function2_tests.TestFunction2" name="test_case18" time="0.000" timestamp="2024-04-02T15:25:42"/>
	<testcase classname="test_function2_tests.TestFunction2" name="test_case19" time="0.000" timestamp="2024-04-02T15:25:42"/>
	<testcase classname="test_function2_tests.TestFunction2" name="test_case2" time="0.000" timestamp="2024-04-02T15:25:42"/>
	<testcase classname="test_function2_tests.TestFunction2" name="test_case20" time="0.000" timestamp="2024-04-02T15:25:42"/>
	<testcase classname="test_function2_tests.TestFunction2" name="test_case21" time="0.000" timestamp="2024-04-02T15:25:42"/>
	<testcase classname="test_function2_tests.TestFunction2" name="test_case22" time="0.000" timestamp="2024-04-02T15:25:42"/>
	<testcase classname="test_function2_tests.TestFunction2" name="test_case23" time="0.000" timestamp="2024-04-02T15:25:42"/>
	<testcase classname="test_function2_tests.TestFunction2" name="test_case24" time="0.000" timestamp="2024-04-02T15:25:42"/>
	<testcase classname="test_function2_tests.TestFunction2" name="test_case25" time="0.000" timestamp="2024-04-02T15:25:42"/>
	<testcase classname="test_function2_tests.TestFunction2" name="test_case26" time="0.000" timestamp="2024-04-02T15:25:42"/>
	<testcase classname="test_function2_tests.TestFunction2" name="test_case27" time="0.000" timestamp="2024-04-02T15:25:42"/>
	<testcase classname="test_function2_tests.TestFunction2" name="test_case28" time="0.000" timestamp="2024-04-02T15:25:42"/>
	<testcase classname="test_function2_tests.TestFunction2" name="test_case29" time="0.000" timestamp="2024-04-02T15:25:42"/>
	<testcase classname="test_function2_tests.TestFunction2" name="test_case3" time="0.000" timestamp="2024-04-02T15:25:42"/>
	<testcase classname="test_function2_tests.TestFunction2" name="test_case30" time="0.000" timestamp="2024-04-02T15:25:42"/>
	<testcase classname="test_function2_tests.TestFunction2" name="test_case31" time="0.001" timestamp="2024-04-02T15:25:42"/>
	<testcase classname="test_function2_tests.TestFunction2" name="test_case32" time="0.000" timestamp="2024-04-02T15:25:42"/>
	<testcase classname="test_function2_tests.TestFunction2" name="test_case33" time="0.000" timestamp="2024-04-02T15:25:42"/>
	<testcase classname="test_function2_tests.TestFunction2" name="test_case34" time="0.000" timestamp="2024-04-02T15:25:42"/>
	<testcase classname="test_function2_tests.TestFunction2" name="test_case35" time="0.000" timestamp="2024-04-02T15:25:42"/>
	<testcase classname="test_function2_tests.TestFunction2" name="test_case36" time="0.001" timestamp="2024-04-02T15:25:42"/>
	<testcase classname="test_function2_tests.TestFunction2" name="test_case37" time="0.000" timestamp="2024-04-02T15:25:42"/>
	<testcase classname="test_function2_tests.TestFunction2" name="test_case38" time="0.000" timestamp="2024-04-02T15:25:42"/>
	<testcase classname="test_function2_tests.TestFunction2" name="test_case39" time="0.000" timestamp="2024-04-02T15:25:42"/>
	<testcase classname="test_function2_tests.TestFunction2" name="test_case4" time="0.000" timestamp="2024-04-02T15:25:42"/>
	<testcase classname="test_function2_tests.TestFunction2" name="test_case40" time="0.000" timestamp="2024-04-02T15:25:42"/>
	<testcase classname="test_function2_tests.TestFunction2" name="test_case41" time="0.000" timestamp="2024-04-02T15:25:42"/>
	<testcase classname="test_function2_tests.TestFunction2" name="test_case42" time="0.000" timestamp="2024-04-02T15:25:42"/>
	<testcase classname="test_function2_tests.TestFunction2" name="test_case43" time="0.000" timestamp="2024-04-02T15:25:42"/>
	<testcase classname="test_function2_tests.TestFunction2" name="test_case44" time="0.000" timestamp="2024-04-02T15:25:42"/>
	<testcase classname="test_function2_tests.TestFunction2" name="test_case45" time="0.000" timestamp="2024-04-02T15:25:42"/>
	<testcase classname="test_function2_tests.TestFunction2" name="test_case46" time="0.000" timestamp="2024-04-02T15:25:42"/>
	<testcase classname="test_function2_tests.TestFunction2" name="test_case47" time="0.000" timestamp="2024-04-02T15:25:42"/>
	<testcase classname="test_function2_tests.TestFunction2" name="test_case48" time="0.000" timestamp="2024-04-02T15:25:42"/>
	<testcase classname="test_function2_tests.TestFunction2" name="test_case49" time="0.000" timestamp="2024-04-02T15:25:42"/>
	<testcase classname="test_function2_tests.TestFunction2" name="test_case5" time="0.000" timestamp="2024-04-02T15:25:42"/>
	<testcase classname="test_function2_tests.TestFunction2" name="test_case50" time="0.000" timestamp="2024-04-02T15:25:42"/>
	<testcase classname="test_function2_tests.TestFunction2" name="test_case51" time="0.000" timestamp="2024-04-02T15:25:42"/>
	<testcase classname="test_function2_tests.TestFunction2" name="test_case52" time="0.000" timestamp="2024-04-02T15:25:42"/>
	<testcase classname="test_function2_tests.TestFunction2" name="test_case53" time="0.000" timestamp="2024-04-02T15:25:42"/>
	<testcase classname="test_function2_tests.TestFunction2" name="test_case54" time="0.000" timestamp="2024-04-02T15:25:42"/>
	<testcase classname="test_function2_tests.TestFunction2" name="test_case55" time="0.000" timestamp="2024-04-02T15:25:42"/>
	<testcase classname="test_function2_tests.TestFunction2" name="test_case56" time="0.000" timestamp="2024-04-02T15:25:42"/>
	<testcase classname="test_function2_tests.TestFunction2" name="test_case57" time="0.000" timestamp="2024-04-02T15:25:42"/>
	<testcase classname="test_function2_tests.TestFunction2" name="test_case58" time="0.001" timestamp="2024-04-02T15:25:42"/>
	<testcase classname="test_function2_tests.TestFunction2" name="test_case59" time="0.000" timestamp="2024-04-02T15:25:42"/>
	<testcase classname="test_function2_tests.TestFunction2" name="test_case6" time="0.000" timestamp="2024-04-02T15:25:42"/>
	<testcase classname="test_function2_tests.TestFunction2" name="test_case60" time="0.000" timestamp="2024-04-02T15:25:42"/>
	<testcase classname="test_function2_tests.TestFunction2" name="test_case7" time="0.000" timestamp="2024-04-02T15:25:42"/>
	<testcase classname="test_function2_tests.TestFunction2" name="test_case8" time="0.000" timestamp="2024-04-02T15:25:42"/>
	<testcase classname="test_function2_tests.TestFunction2" name="test_case9" time="0.000" timestamp="2024-04-02T15:25:42"/>
	<testcase classname="test_function2_tests.TestFunction2" name="test_date_check" time="0.003" timestamp="2024-04-02T15:25:42"/>
	<testcase classname="test_function2_tests.TestFunction2" name="test_manip1" time="0.006" timestamp="2024-04-02T15:25:42">
		<failure type="AssertionError" message="'Error: Localizer or ID not found in bookings file' != 'Manipulation is present in reservation file'
- Error: Localizer or ID not found in bookings file
+ Manipulation is present in reservation file
"><![CDATA[Traceback (most recent call last):
  File "/Library/Frameworks/Python.framework/Versions/3.10/lib/python3.10/unittest/case.py", line 59, in testPartExecutor
    yield
  File "/Library/Frameworks/Python.framework/Versions/3.10/lib/python3.10/unittest/case.py", line 591, in run
    self._callTestMethod(testMethod)
  File "/Library/Frameworks/Python.framework/Versions/3.10/lib/python3.10/unittest/case.py", line 549, in _callTestMethod
    method()
  File "/Users/ellaz-j/PycharmProjects/G88.2024.T06.EG2/venv/lib/python3.10/site-packages/freezegun/api.py", line 827, in wrapper
    result = func(*args, **kwargs)
  File "/Users/ellaz-j/PycharmProjects/G88.2024.T06.EG2/src/unittest/python/test_function2_tests.py", line 438, in test_manip1
    self.assertEqual(str(context.exception), "Manipulation is present in reservation file")
  File "/Library/Frameworks/Python.framework/Versions/3.10/lib/python3.10/unittest/case.py", line 845, in assertEqual
    assertion_func(first, second, msg=msg)
  File "/Library/Frameworks/Python.framework/Versions/3.10/lib/python3.10/unittest/case.py", line 1226, in assertMultiLineEqual
    self.fail(self._formatMessage(msg, standardMsg))
  File "/Library/Frameworks/Python.framework/Versions/3.10/lib/python3.10/unittest/case.py", line 675, in fail
    raise self.failureException(msg)
AssertionError: 'Error: Localizer or ID not found in bookings file' != 'Manipulation is present in reservation file'
- Error: Localizer or ID not found in bookings file
+ Manipulation is present in reservation file

]]></failure>
	</testcase>
</testsuite>
