<?xml version="1.0" encoding="UTF-8"?>
<testsuite name="test_function2_tests.TestFunction2-20240402151459" tests="1" file="test_function2_tests.py" time="0.001" timestamp="2024-04-02T15:14:59" failures="0" errors="0" skipped="0">
	<testcase classname="test_function2_tests.TestFunction2" name="test_case2" time="0.001" timestamp="2024-04-02T15:14:59"/>
</testsuite>
